<?xml version="1.0" encoding="UTF-8"?>
<!-- Generated by org.testng.reporters.JUnitXMLReporter -->
<testsuite hostname="LAPTOP-2MN688LV" failures="0" tests="3" name="Surefire test" time="0.02" errors="0" timestamp="18 Jul 2021 08:10:48 GMT">
  <testcase classname="avimaven.MavenJava.HelloWorldTest" name="displayFF" time="0.007"/>
  <testcase classname="avimaven.MavenJava.HelloWorldTest" name="displayFirst" time="0.0"/>
  <testcase classname="avimaven.MavenJava.SecondTest" name="displaySecond" time="0.0"/>
</testsuite> <!-- Surefire test -->
