<?xml version="1.0" encoding="UTF-8"?>
<testng-results total="3" passed="3" failed="0" skipped="0">
  <reporter-output>
  </reporter-output>
  <suite started-at="2021-07-18T08:10:48Z" name="Surefire suite" finished-at="2021-07-18T08:10:48Z" duration-ms="20">
    <groups>
    </groups>
    <test started-at="2021-07-18T08:10:48Z" name="Surefire test" finished-at="2021-07-18T08:10:48Z" duration-ms="20">
      <class name="avimaven.MavenJava.HelloWorldTest">
        <test-method signature="displayFF()[pri:0, instance:avimaven.MavenJava.HelloWorldTest@31f924f5]" started-at="2021-07-18T18:10:48Z" name="displayFF" finished-at="2021-07-18T18:10:48Z" duration-ms="7" status="PASS">
          <reporter-output>
          </reporter-output>
        </test-method> <!-- displayFF -->
        <test-method signature="displayFirst()[pri:0, instance:avimaven.MavenJava.HelloWorldTest@31f924f5]" started-at="2021-07-18T18:10:48Z" name="displayFirst" finished-at="2021-07-18T18:10:48Z" duration-ms="0" status="PASS">
          <reporter-output>
          </reporter-output>
        </test-method> <!-- displayFirst -->
      </class> <!-- avimaven.MavenJava.HelloWorldTest -->
      <class name="avimaven.MavenJava.SecondTest">
        <test-method signature="displaySecond()[pri:0, instance:avimaven.MavenJava.SecondTest@6fb0d3ed]" started-at="2021-07-18T18:10:48Z" name="displaySecond" finished-at="2021-07-18T18:10:48Z" duration-ms="0" status="PASS">
          <reporter-output>
          </reporter-output>
        </test-method> <!-- displaySecond -->
      </class> <!-- avimaven.MavenJava.SecondTest -->
    </test> <!-- Surefire test -->
  </suite> <!-- Surefire suite -->
</testng-results>
