<?xml version="1.0" encoding="UTF-8"?>
<testng-results skipped="0" failed="0" total="1" passed="1">
  <reporter-output>
  </reporter-output>
  <suite name="Default suite" duration-ms="34" started-at="2021-07-18T07:50:55Z" finished-at="2021-07-18T07:50:55Z">
    <groups>
    </groups>
    <test name="Default test" duration-ms="34" started-at="2021-07-18T07:50:55Z" finished-at="2021-07-18T07:50:55Z">
      <class name="avimaven.MavenJava.HelloWorld">
        <test-method status="PASS" signature="displayFirst()[pri:0, instance:avimaven.MavenJava.HelloWorld@39fb3ab6]" name="displayFirst" duration-ms="12" started-at="2021-07-18T17:50:55Z" finished-at="2021-07-18T17:50:55Z">
          <reporter-output>
          </reporter-output>
        </test-method> <!-- displayFirst -->
      </class> <!-- avimaven.MavenJava.HelloWorld -->
    </test> <!-- Default test -->
  </suite> <!-- Default suite -->
</testng-results>
